02488da3-65ff-4658-b1a4-99e81b76d056 obialas@bhc0029:/local_scratch/24688466/ds timestamp=1714981749.490660838s
04f3cf92-f021-445a-b014-19694e98569d obialas@bhc0189:/local_scratch/24675504/ds timestamp=1714824664.492333467s
0976b4cb-fe07-4ce8-b4f8-a4ebe267a588 obialas@bhc0011:/local_scratch/24697440/ds timestamp=1715108791.834385035s
0c1962c4-82c2-45ec-91a6-783d6dbc644f obialas@bhc0069:/local_scratch/24688472/ds timestamp=1714981749.451184917s
12e6bae9-596b-43b3-94a1-0e68c2c95a28 obialas@bhc0091:/local_scratch/24683805/ds timestamp=1714964801.752042177s
19bca8c1-9471-422a-932b-d18678316cb4 obialas@bhc0183:/local_scratch/24688706/ds timestamp=1714982363.349017842s
1fbc76b4-3b76-4ddf-b9d4-5b0f96e11388 obialas@bhc0007:/local_scratch/24683791/ds timestamp=1714964469.544329248s
22b7ccf1-f631-47c9-abc4-ada16ef7fccd obialas@bhc0170:/local_scratch/24704826/ds timestamp=1715175590.142276896s
2aefdc64-97ac-478c-ba74-85f866d4b4d7 obialas@bhc0099:/local_scratch/24688703/ds timestamp=1714982053.906539106s
31b164a2-17d2-4a29-b6c2-d93b3e2e0763 obialas@bhc0033:/local_scratch/24697402/ds timestamp=1715108117.36923418s
344584cf-f598-4728-a374-0c61a71129b9 obialas@bhc0070:/local_scratch/24697354/ds timestamp=1715107420.743465541s
39d38a9e-6bf6-4f52-ad0d-e97353e0b27c obialas@bhc0031:/local_scratch/24683790/ds timestamp=1714964469.587349019s
41ac0b0e-9f40-4d79-b2ab-60d07301ee03 obialas@bhc0029:/local_scratch/24697401/ds timestamp=1715108117.40153561s
4471fc2f-b5ac-4bc7-af24-f38cef2a5e93 obialas@bhc0064:/local_scratch/24675486/ds timestamp=1714823078.891613637s
4cf11f4b-cbe3-48ec-a307-45cb958968d9 obialas@bhc0107:/local_scratch/24688698/ds timestamp=1714982053.904593975s
55827839-2722-4d1b-bf47-1e0c3da790a0 obialas@bhc0107:/local_scratch/24697372/ds timestamp=1715107763.630470127s
57cbeca6-87f2-4653-b1e1-ceb8b18ba6e0 obi@machine:~/projects/stationarity timestamp=1713789097s
5817bbe8-ed3b-4ed0-9322-6088d12bcb02 obialas@bhc0020:/local_scratch/24688695/ds timestamp=1714982053.870354029s
59be1460-6264-42ca-9114-64f0ae40cc05 obialas@bluehive:/gpfs/fs2/scratch/obialas/stationarity timestamp=1714502853.830017829s
5df45ca3-fe6c-4b37-82c4-a41018f190e1 obialas@bhc0078:/local_scratch/24683806/ds timestamp=1714964803.409791223s
5e3c0241-26f8-42c1-b499-9871c23afede obialas@bhc0114:/local_scratch/24683800/ds timestamp=1714964801.236520237s
612c47e8-6dd1-4a3a-9477-d76763508e91 obialas@bhc0090:/local_scratch/24683803/ds timestamp=1714964802.519014797s
61e8eeac-21d8-4721-9905-9dfe668570ab obialas@bhc0079:/local_scratch/24675494/ds timestamp=1714823471.427541904s
68064f32-0b17-484b-b915-bd23e174b074 obialas@bhc0089:/local_scratch/24683802/ds timestamp=1714964802.915450931s
6aa0c68d-38c7-4e54-9fba-b76a866c6b79 obialas@bhc0070:/local_scratch/24697404/ds timestamp=1715108117.305973556s
6d79b663-ed16-4f4b-a6a0-62f657c816dc obialas@bhc0114:/local_scratch/24683801/ds timestamp=1714964801.169473344s
6e9d2d67-e40f-4952-b9c4-11522d35b82a obialas@bhc0094:/local_scratch/24683797/ds timestamp=1714964472.269159168s
70cbf2ad-c6b4-4d8b-935c-3af011a6b790 obialas@bhc0061:/local_scratch/24683788/ds timestamp=1714965893.683335546s
73678172-c368-42f2-9d9e-b05529d2d7d3 obialas@bhc0011:/local_scratch/24697405/ds timestamp=1715108117.474550768s
73e6f54d-2e92-4206-a0d1-d9b163af4eef obialas@bhc0033:/local_scratch/24688467/ds timestamp=1714981749.49754175s
770f4910-98e6-42c4-bdf7-dd00c53fc226 obialas@bhc0035:/local_scratch/24697403/ds timestamp=1715108117.303138321s
788d2e99-c1ea-4f97-94c0-11184a46f045 obialas@bhc0181:/local_scratch/24704830/ds timestamp=1715175588.08758943s
79c4d257-8c94-47d8-8fb6-3ae59fb15863 obialas@bhc0033:/local_scratch/24697442/ds timestamp=1715108790.648021833s
7a29a9d1-7513-4258-aaba-a22690a3cc86 obialas@bhc0107:/local_scratch/24688699/ds timestamp=1714982053.904609184s
7ae94f07-506d-440b-9e3b-b18d540d566c obialas@bhc0181:/local_scratch/24704829/ds timestamp=1715175588.087644605s
7b365609-7808-47a5-aaa3-9e49a2dd434d obialas@bhc0181:/local_scratch/24704775/ds timestamp=1715175879.29403317s
801c9436-1a3b-454e-be9d-8a69dab60541 obialas@bhc0022:/local_scratch/24683794/ds timestamp=1714964472.527936392s
8130bdb3-f1bb-4eab-93a6-3900f7ad09b9 obialas@bhc0093:/local_scratch/24688702/ds timestamp=1714982053.931526309s
81a3c053-f377-4fc2-bd1f-630147cddf2a obialas@bhc0181:/local_scratch/24704864/ds timestamp=1715175879.391129995s
82d1d68b-65d6-479b-a826-6ed8d7229aa3 obialas@bhc0170:/local_scratch/24704827/ds timestamp=1715175590.142389089s
84981dfc-9f38-4253-a19a-074cf41825e5 obialas@bhc0181:/local_scratch/24704828/ds timestamp=1715175588.087676913s
89b59060-6704-4b02-90bd-749ddc65dc8c obialas@bhc0018:/local_scratch/24673655/ds timestamp=1714804893.656289814s
8b90796a-cdd6-4581-a683-0222d42e1fd9 obialas@bhc0079:/local_scratch/24673649/ds timestamp=1714824663.559198398s
8d9dd4d7-6a77-4660-ad81-8e892b23649b obialas@bhc0103:/local_scratch/24704824/ds timestamp=1715175588.265458466s
8f0e7c66-585c-459f-9397-711e82e34082 obialas@bhc0189:/local_scratch/24683795/ds timestamp=1714964469.361146649s
93424f7b-e899-407e-848c-cce868b961b1 obialas@bhc0070:/local_scratch/24688696/ds timestamp=1714982053.900366238s
95b9a0c5-87b0-4a85-b16b-6ca043746120 obialas@bhc0029:/local_scratch/24697441/ds timestamp=1715108790.752619899s
98d24383-5ba9-47e2-9539-f59de8a3b1cb obialas@bhc0067:/local_scratch/24675489/ds timestamp=1714823078.874285081s
994f7631-f12f-4e7d-8854-70be4ec17881 obialas@bhc0033:/local_scratch/24697349/ds timestamp=1715107420.653371932s
9c14bfa9-d4f2-4ee4-bf7e-d4cfbfabffb4 obialas@bhc0189:/local_scratch/24675492/ds timestamp=1714823471.396088135s
a753fbfa-7ce2-4617-803e-7535c13388bd obialas@bhc0183:/local_scratch/24688456/ds timestamp=1714982363.34904656s
ac54a743-6ccf-438e-92f5-fb8d4b426ac7 obialas@bhc0020:/local_scratch/24697347/ds timestamp=1715107420.55043603s
afe2e156-0dc4-49fe-a653-004f9bcd3145 obialas@bhc0091:/local_scratch/24683804/ds timestamp=1714964801.751439089s
b10faf92-4476-40de-a587-446d3651631d obialas@bhc0028:/local_scratch/24675485/ds timestamp=1714823068.911038506s
b2a98418-039e-4a49-92fc-06024b201e50 obialas@bhc0029:/local_scratch/24684891/ds timestamp=1714965891.176624208s
b419592a-37f8-4c75-9dde-428e96a79c41 obialas@bhc0011:/local_scratch/24688470/ds timestamp=1714981749.535582285s
b60b06d6-938f-420e-8134-bfbd757f4636 obialas@bhc0079:/local_scratch/24674286/ds timestamp=1714808291.807669499s
b8440b47-5ae4-44ad-acef-1a03dfc5365a obialas@bhc0172:/local_scratch/24704823/ds timestamp=1715175588.228479544s
c61bf92d-de26-4d12-bc6d-acf217e0d2be obialas@bhc0018:/local_scratch/24688465/ds timestamp=1714981749.449465087s
d24d4a6b-c795-42bd-8abe-5c8123cdb7e4 obialas@bhc0029:/local_scratch/24697348/ds timestamp=1715107420.614466218s
dcad5d3f-3292-40c1-a643-0d09e21428a3 obialas@bhc0013:/local_scratch/24688464/ds timestamp=1714981749.529671197s
dd8c910a-643a-4999-bd11-7b74811fa45d obialas@bhc0011:/local_scratch/24688471/ds timestamp=1714981749.535561578s
df721a91-6f59-4b2e-ac9e-bb05985f9e19 obialas@bhc0030:/local_scratch/24704776/ds timestamp=1715175284.768526594s
e06fcee4-0269-40f6-a43d-c89be9d2f53f obialas@bhc0008:/local_scratch/24683792/ds timestamp=1714964469.562426158s
e461c036-6bda-4cb6-8585-a4169cc1168b obialas@bhc0108:/local_scratch/24688697/ds timestamp=1714982053.903082088s
e80236ee-8420-4cf0-92a9-0cbb626f185e obialas@bhc0093:/local_scratch/24688701/ds timestamp=1714982053.931503795s
e9abe605-fe4b-45c5-958f-3d83cbbb15eb obialas@bhc0072:/local_scratch/24688469/ds timestamp=1714981749.508463126s
ecaf6dfc-8c62-49e4-8bd1-e751416110e0 obialas@bhc0035:/local_scratch/24697350/ds timestamp=1715107420.631965439s
f55faea3-b8aa-4826-9b3b-69254e1e97ec obialas@bhc0035:/local_scratch/24688468/ds timestamp=1714981749.501149126s
f59222d0-fc38-42aa-842f-d5ea7b6b84ec obialas@bhc0091:/local_scratch/24688700/ds timestamp=1714982053.909800026s
f995c88f-4156-4518-b5f7-c658e6842923 obialas@bhc0035:/local_scratch/24697339/ds timestamp=1715108790.758059223s
f9f41850-0340-41f2-98e7-4fb322177ff6 obialas@bhc0011:/local_scratch/24697352/ds timestamp=1715107420.766650967s
fa1e5617-e800-48ce-84d2-6aaf4b4b612e obialas@bhc0029:/local_scratch/24683789/ds timestamp=1714964469.445195511s
fd399c18-45e3-4167-a572-e5c20e1042d7 obialas@bhc0022:/local_scratch/24683793/ds timestamp=1714964472.527928437s
